<?xml version="1.0" encoding="UTF-8"?>
<!-- Generated by org.testng.reporters.JUnitReportReporter -->
<testsuite hostname="Dinesh" failures="0" tests="8" name="com.resolver.tests.HomePageTests" time="4.941" errors="0" timestamp="2024-11-28T14:11:11 EST" skipped="0">
  <testcase classname="com.resolver.tests.HomePageTests" name="test4ButtonStates" time="0.373"/>
  <testcase classname="com.resolver.tests.HomePageTests" name="test1LoginWithNoPassword" time="0.494"/>
  <testcase classname="com.resolver.tests.HomePageTests" name="test6TableCellValue" time="0.086"/>
  <testcase classname="com.resolver.tests.HomePageTests" name="test1LoginWithInvalidEmail" time="0.508"/>
  <testcase classname="com.resolver.tests.HomePageTests" name="test2ListGroupValues" time="0.149"/>
  <testcase classname="com.resolver.tests.HomePageTests" name="test3DropdownSelection" time="0.370"/>
  <testcase classname="com.resolver.tests.HomePageTests" name="test1LoginWithValidCredentials" time="0.478"/>
  <testcase classname="com.resolver.tests.HomePageTests" name="test5ButtonWaitAndClick" time="2.483"/>
</testsuite> <!-- com.resolver.tests.HomePageTests -->
